<?xml version="1.0" encoding="UTF-8"?>
<testng-results ignored="0" total="6" passed="6" failed="0" skipped="0">
  <reporter-output>
  </reporter-output>
  <suite started-at="2025-04-10T12:35:42 IST" name="Suite" finished-at="2025-04-10T12:37:19 IST" duration-ms="96996">
    <groups>
    </groups>
    <test started-at="2025-04-10T12:35:42 IST" name="Test" finished-at="2025-04-10T12:35:42 IST" duration-ms="21">
    </test> <!-- Test -->
    <test started-at="2025-04-10T12:35:42 IST" name="chrome" finished-at="2025-04-10T12:37:02 IST" duration-ms="80687">
      <class name="Test.Shopclues">
        <test-method is-config="true" signature="browser(java.lang.String)[pri:0, instance:Test.Shopclues@752325ad]" started-at="2025-04-10T12:35:42 IST" name="browser" finished-at="2025-04-10T12:36:07 IST" duration-ms="25090" status="PASS">
          <params>
            <param index="0">
              <value>
                <![CDATA[chrome]]>
              </value>
            </param>
          </params>
          <reporter-output>
          </reporter-output>
        </test-method> <!-- browser -->
        <test-method signature="search()[pri:0, instance:Test.Shopclues@752325ad]" started-at="2025-04-10T12:36:07 IST" name="search" finished-at="2025-04-10T12:36:59 IST" duration-ms="52592" status="PASS">
          <reporter-output>
          </reporter-output>
        </test-method> <!-- search -->
        <test-method signature="register()[pri:1, instance:Test.Shopclues@752325ad]" started-at="2025-04-10T12:36:59 IST" name="register" finished-at="2025-04-10T12:37:02 IST" duration-ms="2939" status="PASS">
          <reporter-output>
          </reporter-output>
        </test-method> <!-- register -->
      </class> <!-- Test.Shopclues -->
    </test> <!-- chrome -->
    <test started-at="2025-04-10T12:35:42 IST" name="edge" finished-at="2025-04-10T12:37:06 IST" duration-ms="84684">
      <class name="Test.Shopclues">
        <test-method is-config="true" signature="browser(java.lang.String)[pri:0, instance:Test.Shopclues@2e377400]" started-at="2025-04-10T12:35:42 IST" name="browser" finished-at="2025-04-10T12:36:13 IST" duration-ms="31374" status="PASS">
          <params>
            <param index="0">
              <value>
                <![CDATA[edge]]>
              </value>
            </param>
          </params>
          <reporter-output>
          </reporter-output>
        </test-method> <!-- browser -->
        <test-method signature="search()[pri:0, instance:Test.Shopclues@2e377400]" started-at="2025-04-10T12:36:13 IST" name="search" finished-at="2025-04-10T12:37:04 IST" duration-ms="50501" status="PASS">
          <reporter-output>
          </reporter-output>
        </test-method> <!-- search -->
        <test-method signature="register()[pri:1, instance:Test.Shopclues@2e377400]" started-at="2025-04-10T12:37:04 IST" name="register" finished-at="2025-04-10T12:37:06 IST" duration-ms="2774" status="PASS">
          <reporter-output>
          </reporter-output>
        </test-method> <!-- register -->
      </class> <!-- Test.Shopclues -->
    </test> <!-- edge -->
    <test started-at="2025-04-10T12:35:42 IST" name="firefox" finished-at="2025-04-10T12:37:19 IST" duration-ms="96996">
      <class name="Test.Shopclues">
        <test-method is-config="true" signature="browser(java.lang.String)[pri:0, instance:Test.Shopclues@445b295b]" started-at="2025-04-10T12:35:42 IST" name="browser" finished-at="2025-04-10T12:36:16 IST" duration-ms="34172" status="PASS">
          <params>
            <param index="0">
              <value>
                <![CDATA[firefox]]>
              </value>
            </param>
          </params>
          <reporter-output>
          </reporter-output>
        </test-method> <!-- browser -->
        <test-method signature="search()[pri:0, instance:Test.Shopclues@445b295b]" started-at="2025-04-10T12:36:16 IST" name="search" finished-at="2025-04-10T12:37:18 IST" duration-ms="61985" status="PASS">
          <reporter-output>
          </reporter-output>
        </test-method> <!-- search -->
        <test-method signature="register()[pri:1, instance:Test.Shopclues@445b295b]" started-at="2025-04-10T12:37:18 IST" name="register" finished-at="2025-04-10T12:37:19 IST" duration-ms="805" status="PASS">
          <reporter-output>
          </reporter-output>
        </test-method> <!-- register -->
      </class> <!-- Test.Shopclues -->
    </test> <!-- firefox -->
  </suite> <!-- Suite -->
</testng-results>
