<?xml version="1.0" encoding="UTF-8"?>
<testng-results ignored="0" total="6" passed="6" failed="0" skipped="0">
  <reporter-output>
  </reporter-output>
  <suite started-at="2025-04-30T18:21:36 IST" name="Suite" finished-at="2025-04-30T18:23:31 IST" duration-ms="114918">
    <groups>
    </groups>
    <test started-at="2025-04-30T18:21:36 IST" name="Test" finished-at="2025-04-30T18:21:36 IST" duration-ms="27">
    </test> <!-- Test -->
    <test started-at="2025-04-30T18:21:36 IST" name="chrome" finished-at="2025-04-30T18:23:06 IST" duration-ms="90708">
      <class name="Test.Shopclues">
        <test-method is-config="true" signature="browser(java.lang.String)[pri:0, instance:Test.Shopclues@b3ca52e]" started-at="2025-04-30T18:21:36 IST" name="browser" finished-at="2025-04-30T18:22:02 IST" duration-ms="25875" status="PASS">
          <params>
            <param index="0">
              <value>
                <![CDATA[chrome]]>
              </value>
            </param>
          </params>
          <reporter-output>
          </reporter-output>
        </test-method> <!-- browser -->
        <test-method signature="search()[pri:0, instance:Test.Shopclues@b3ca52e]" started-at="2025-04-30T18:22:02 IST" name="search" finished-at="2025-04-30T18:23:00 IST" duration-ms="58110" status="PASS">
          <reporter-output>
          </reporter-output>
        </test-method> <!-- search -->
        <test-method signature="register()[pri:1, instance:Test.Shopclues@b3ca52e]" started-at="2025-04-30T18:23:00 IST" name="register" finished-at="2025-04-30T18:23:06 IST" duration-ms="6047" status="PASS">
          <reporter-output>
          </reporter-output>
        </test-method> <!-- register -->
        <test-method is-config="true" signature="browserclose()[pri:0, instance:Test.Shopclues@b3ca52e]" started-at="2025-04-30T18:23:06 IST" name="browserclose" finished-at="2025-04-30T18:23:06 IST" duration-ms="600" status="PASS">
          <reporter-output>
          </reporter-output>
        </test-method> <!-- browserclose -->
      </class> <!-- Test.Shopclues -->
    </test> <!-- chrome -->
    <test started-at="2025-04-30T18:21:36 IST" name="firefox" finished-at="2025-04-30T18:23:19 IST" duration-ms="103556">
      <class name="Test.Shopclues">
        <test-method is-config="true" signature="browser(java.lang.String)[pri:0, instance:Test.Shopclues@5c671d7f]" started-at="2025-04-30T18:21:36 IST" name="browser" finished-at="2025-04-30T18:22:08 IST" duration-ms="31785" status="PASS">
          <params>
            <param index="0">
              <value>
                <![CDATA[firefox]]>
              </value>
            </param>
          </params>
          <reporter-output>
          </reporter-output>
        </test-method> <!-- browser -->
        <test-method signature="search()[pri:0, instance:Test.Shopclues@5c671d7f]" started-at="2025-04-30T18:22:08 IST" name="search" finished-at="2025-04-30T18:23:13 IST" duration-ms="65462" status="PASS">
          <reporter-output>
          </reporter-output>
        </test-method> <!-- search -->
        <test-method signature="register()[pri:1, instance:Test.Shopclues@5c671d7f]" started-at="2025-04-30T18:23:13 IST" name="register" finished-at="2025-04-30T18:23:16 IST" duration-ms="2863" status="PASS">
          <reporter-output>
          </reporter-output>
        </test-method> <!-- register -->
        <test-method is-config="true" signature="browserclose()[pri:0, instance:Test.Shopclues@5c671d7f]" started-at="2025-04-30T18:23:16 IST" name="browserclose" finished-at="2025-04-30T18:23:19 IST" duration-ms="3416" status="PASS">
          <reporter-output>
          </reporter-output>
        </test-method> <!-- browserclose -->
      </class> <!-- Test.Shopclues -->
    </test> <!-- firefox -->
    <test started-at="2025-04-30T18:21:36 IST" name="edge" finished-at="2025-04-30T18:23:31 IST" duration-ms="114918">
      <class name="Test.Shopclues">
        <test-method is-config="true" signature="browser(java.lang.String)[pri:0, instance:Test.Shopclues@445b295b]" started-at="2025-04-30T18:21:36 IST" name="browser" finished-at="2025-04-30T18:22:40 IST" duration-ms="64567" status="PASS">
          <params>
            <param index="0">
              <value>
                <![CDATA[edge]]>
              </value>
            </param>
          </params>
          <reporter-output>
          </reporter-output>
        </test-method> <!-- browser -->
        <test-method signature="search()[pri:0, instance:Test.Shopclues@445b295b]" started-at="2025-04-30T18:22:40 IST" name="search" finished-at="2025-04-30T18:23:28 IST" duration-ms="47507" status="PASS">
          <reporter-output>
          </reporter-output>
        </test-method> <!-- search -->
        <test-method signature="register()[pri:1, instance:Test.Shopclues@445b295b]" started-at="2025-04-30T18:23:28 IST" name="register" finished-at="2025-04-30T18:23:29 IST" duration-ms="1382" status="PASS">
          <reporter-output>
          </reporter-output>
        </test-method> <!-- register -->
        <test-method is-config="true" signature="browserclose()[pri:0, instance:Test.Shopclues@445b295b]" started-at="2025-04-30T18:23:29 IST" name="browserclose" finished-at="2025-04-30T18:23:31 IST" duration-ms="1434" status="PASS">
          <reporter-output>
          </reporter-output>
        </test-method> <!-- browserclose -->
      </class> <!-- Test.Shopclues -->
    </test> <!-- edge -->
  </suite> <!-- Suite -->
</testng-results>
